#-----------------------------------------------------------
# Webtalk v2018.3_AR72075 (64-bit)
# SW Build 2405991 on Thu Dec  6 23:36:41 MST 2018
# 
# Start of session at: Sat Sep 12 22:20:56 2020
# Process ID: 19482
# Current directory: /work/mpsoc/zcu102/bram_pl/project_bram/project_bram.sdk/webtalk
# Command line: wbtcv -mode batch -source sdk_webtalk.tcl
# Log file: /work/mpsoc/zcu102/bram_pl/project_bram/project_bram.sdk/webtalk/webtalk.log
# Journal file: /work/mpsoc/zcu102/bram_pl/project_bram/project_bram.sdk/webtalk/webtalk.jou
#-----------------------------------------------------------
source sdk_webtalk.tcl
# webtalk_init -webtalk_dir /work/mpsoc/zcu102/bram_pl/project_bram/project_bram.sdk/webtalk
# webtalk_register_client -client project
# webtalk_add_data -client project -key date_generated -value "2020-09-12 22:20:55" -context "software_version_and_target_device"
# webtalk_add_data -client project -key product_version -value "SDK v2018.3" -context "software_version_and_target_device"
# webtalk_add_data -client project -key build_version -value "2018.3" -context "software_version_and_target_device"
# webtalk_add_data -client project -key os_platform -value "amd64" -context "software_version_and_target_device"
# webtalk_add_data -client project -key registration_id -value "211325875_1777516908_0_747" -context "software_version_and_target_device"
# webtalk_add_data -client project -key tool_flow -value "SDK" -context "software_version_and_target_device"
# webtalk_add_data -client project -key beta -value "false" -context "software_version_and_target_device"
# webtalk_add_data -client project -key route_design -value "NA" -context "software_version_and_target_device"
# webtalk_add_data -client project -key target_family -value "NA" -context "software_version_and_target_device"
# webtalk_add_data -client project -key target_device -value "NA" -context "software_version_and_target_device"
# webtalk_add_data -client project -key target_package -value "NA" -context "software_version_and_target_device"
# webtalk_add_data -client project -key target_speed -value "NA" -context "software_version_and_target_device"
# webtalk_add_data -client project -key random_id -value "n78956vtqbcii5b7cmbqaqeoad" -context "software_version_and_target_device"
# webtalk_add_data -client project -key project_id -value "2018.3_1" -context "software_version_and_target_device"
# webtalk_add_data -client project -key project_iteration -value "1" -context "software_version_and_target_device"
# webtalk_add_data -client project -key os_name -value "Ubuntu" -context "user_environment"
# webtalk_add_data -client project -key os_release -value "Ubuntu 16.04.6 LTS" -context "user_environment"
# webtalk_add_data -client project -key cpu_name -value "AMD Ryzen 7 2700X Eight-Core Processor" -context "user_environment"
# webtalk_add_data -client project -key cpu_speed -value "2177.999 MHz" -context "user_environment"
# webtalk_add_data -client project -key total_processors -value "1" -context "user_environment"
# webtalk_add_data -client project -key system_ram -value "33.728 GB" -context "user_environment"
# webtalk_register_client -client sdk
# webtalk_add_data -client sdk -key uid -value "1599907459000" -context "sdk\\\\hardware/1599907459000"
# webtalk_add_data -client sdk -key isZynq -value "false" -context "sdk\\\\hardware/1599907459000"
# webtalk_add_data -client sdk -key isZynqMP -value "true" -context "sdk\\\\hardware/1599907459000"
# webtalk_add_data -client sdk -key Processors -value "7" -context "sdk\\\\hardware/1599907459000"
# webtalk_add_data -client sdk -key VivadoVersion -value "2018.3_AR72075" -context "sdk\\\\hardware/1599907459000"
# webtalk_add_data -client sdk -key Arch -value "zynquplus" -context "sdk\\\\hardware/1599907459000"
# webtalk_add_data -client sdk -key Device -value "xczu9eg" -context "sdk\\\\hardware/1599907459000"
# webtalk_add_data -client sdk -key IsHandoff -value "true" -context "sdk\\\\hardware/1599907459000"
# webtalk_add_data -client sdk -key os -value "NA" -context "sdk\\\\hardware/1599907459000"
# webtalk_add_data -client sdk -key apptemplate -value "NA" -context "sdk\\\\hardware/1599907459000"
# webtalk_add_data -client sdk -key RecordType -value "HWCreation" -context "sdk\\\\hardware/1599907459000"
# webtalk_add_data -client sdk -key uid -value "1599907547000" -context "sdk\\\\bsp/1599907547000"
# webtalk_add_data -client sdk -key hwid -value "1599907459000" -context "sdk\\\\bsp/1599907547000"
# webtalk_add_data -client sdk -key os -value "standalone" -context "sdk\\\\bsp/1599907547000"
# webtalk_add_data -client sdk -key apptemplate -value "hello_world" -context "sdk\\\\bsp/1599907547000"
# webtalk_add_data -client sdk -key RecordType -value "BSPCreation" -context "sdk\\\\bsp/1599907547000"
# webtalk_add_data -client sdk -key uid -value "1599907551000" -context "sdk\\\\application/1599907551000"
# webtalk_add_data -client sdk -key hwid -value "1599907459000" -context "sdk\\\\application/1599907551000"
# webtalk_add_data -client sdk -key bspid -value "1599907547000" -context "sdk\\\\application/1599907551000"
# webtalk_add_data -client sdk -key newbsp -value "true" -context "sdk\\\\application/1599907551000"
# webtalk_add_data -client sdk -key os -value "standalone" -context "sdk\\\\application/1599907551000"
# webtalk_add_data -client sdk -key apptemplate -value "hello_world" -context "sdk\\\\application/1599907551000"
# webtalk_add_data -client sdk -key RecordType -value "APPCreation" -context "sdk\\\\application/1599907551000"
# webtalk_add_data -client sdk -key LangUsed -value "C" -context "sdk\\\\application/1599907551000"
# webtalk_add_data -client sdk -key Procused -value "psu_cortexa53" -context "sdk\\\\application/1599907551000"
# webtalk_add_data -client sdk -key projSize -value "244.1484375" -context "sdk\\\\application/1599907551000"
# webtalk_add_data -client sdk -key uid -value "1599911272000" -context "sdk\\\\application/1599911272000"
# webtalk_add_data -client sdk -key os -value "linux" -context "sdk\\\\application/1599911272000"
# webtalk_add_data -client sdk -key apptemplate -value "linux_hello_world" -context "sdk\\\\application/1599911272000"
# webtalk_add_data -client sdk -key RecordType -value "APPCreation" -context "sdk\\\\application/1599911272000"
# webtalk_add_data -client sdk -key LangUsed -value "C" -context "sdk\\\\application/1599911272000"
# webtalk_add_data -client sdk -key Procused -value "" -context "sdk\\\\application/1599911272000"
# webtalk_add_data -client sdk -key uid -value "1599912355000" -context "sdk\\\\application/1599912355000"
# webtalk_add_data -client sdk -key os -value "linux" -context "sdk\\\\application/1599912355000"
# webtalk_add_data -client sdk -key apptemplate -value "linux_hello_world" -context "sdk\\\\application/1599912355000"
# webtalk_add_data -client sdk -key RecordType -value "APPCreation" -context "sdk\\\\application/1599912355000"
# webtalk_add_data -client sdk -key LangUsed -value "C" -context "sdk\\\\application/1599912355000"
# webtalk_add_data -client sdk -key Procused -value "" -context "sdk\\\\application/1599912355000"
# webtalk_add_data -client sdk -key projSize -value "102.7890625" -context "sdk\\\\application/1599912355000"
# webtalk_add_data -client sdk -key uid -value "NA" -context "sdk\\\\bsp/1599920455795"
# webtalk_add_data -client sdk -key RecordType -value "ToolUsage" -context "sdk\\\\bsp/1599920455795"
# webtalk_add_data -client sdk -key BootgenCount -value "0" -context "sdk\\\\bsp/1599920455795"
# webtalk_add_data -client sdk -key DebugCount -value "14" -context "sdk\\\\bsp/1599920455795"
# webtalk_add_data -client sdk -key PerfCount -value "0" -context "sdk\\\\bsp/1599920455795"
# webtalk_add_data -client sdk -key FlashCount -value "0" -context "sdk\\\\bsp/1599920455795"
# webtalk_add_data -client sdk -key CrossTriggCount -value "0" -context "sdk\\\\bsp/1599920455795"
# webtalk_add_data -client sdk -key QemuDebugCount -value "0" -context "sdk\\\\bsp/1599920455795"
# webtalk_transmit -clientid 3719609173 -regid "211325875_1777516908_0_747" -xml /work/mpsoc/zcu102/bram_pl/project_bram/project_bram.sdk/webtalk/usage_statistics_ext_sdk.xml -html /work/mpsoc/zcu102/bram_pl/project_bram/project_bram.sdk/webtalk/usage_statistics_ext_sdk.html -wdm /work/mpsoc/zcu102/bram_pl/project_bram/project_bram.sdk/webtalk/sdk_webtalk.wdm -intro "<H3>SDK Usage Report</H3><BR>"
# webtalk_terminate
INFO: [Common 17-206] Exiting Webtalk at Sat Sep 12 22:20:57 2020...
