Copyright 1986-2018 Xilinx, Inc. All Rights Reserved.
-------------------------------------------------------------------------------------------------------------------------------------------
| Tool Version : Vivado v.2018.3_AR72075 (lin64) Build 2405991 Thu Dec  6 23:36:41 MST 2018
| Date         : Sun Sep 13 13:37:54 2020
| Host         : test16 running 64-bit Ubuntu 16.04.6 LTS
| Command      : report_utilization -file Base_Zynq_MPSoC_wrapper_utilization_placed.rpt -pb Base_Zynq_MPSoC_wrapper_utilization_placed.pb
| Design       : Base_Zynq_MPSoC_wrapper
| Device       : xczu9egffvb1156-2
| Design State : Fully Placed
-------------------------------------------------------------------------------------------------------------------------------------------

Utilization Design Information

Table of Contents
-----------------
1. CLB Logic
1.1 Summary of Registers by Type
2. CLB Logic Distribution
3. BLOCKRAM
4. ARITHMETIC
5. I/O
6. CLOCK
7. ADVANCED
8. CONFIGURATION
9. Primitives
10. Black Boxes
11. Instantiated Netlists

1. CLB Logic
------------

+----------------------------+------+-------+-----------+-------+
|          Site Type         | Used | Fixed | Available | Util% |
+----------------------------+------+-------+-----------+-------+
| CLB LUTs                   | 5153 |     0 |    274080 |  1.88 |
|   LUT as Logic             | 4933 |     0 |    274080 |  1.80 |
|   LUT as Memory            |  220 |     0 |    144000 |  0.15 |
|     LUT as Distributed RAM |  168 |     0 |           |       |
|     LUT as Shift Register  |   52 |     0 |           |       |
| CLB Registers              | 5038 |     0 |    548160 |  0.92 |
|   Register as Flip Flop    | 5038 |     0 |    548160 |  0.92 |
|   Register as Latch        |    0 |     0 |    548160 |  0.00 |
| CARRY8                     |   10 |     0 |     34260 |  0.03 |
| F7 Muxes                   |    6 |     0 |    137040 | <0.01 |
| F8 Muxes                   |    0 |     0 |     68520 |  0.00 |
| F9 Muxes                   |    0 |     0 |     34260 |  0.00 |
+----------------------------+------+-------+-----------+-------+


1.1 Summary of Registers by Type
--------------------------------

+-------+--------------+-------------+--------------+
| Total | Clock Enable | Synchronous | Asynchronous |
+-------+--------------+-------------+--------------+
| 0     |            _ |           - |            - |
| 0     |            _ |           - |          Set |
| 0     |            _ |           - |        Reset |
| 0     |            _ |         Set |            - |
| 0     |            _ |       Reset |            - |
| 0     |          Yes |           - |            - |
| 99    |          Yes |           - |          Set |
| 207   |          Yes |           - |        Reset |
| 66    |          Yes |         Set |            - |
| 4666  |          Yes |       Reset |            - |
+-------+--------------+-------------+--------------+


2. CLB Logic Distribution
-------------------------

+--------------------------------------------+------+-------+-----------+-------+
|                  Site Type                 | Used | Fixed | Available | Util% |
+--------------------------------------------+------+-------+-----------+-------+
| CLB                                        | 1256 |     0 |     34260 |  3.67 |
|   CLBL                                     |  593 |     0 |           |       |
|   CLBM                                     |  663 |     0 |           |       |
| LUT as Logic                               | 4933 |     0 |    274080 |  1.80 |
|   using O5 output only                     |  148 |       |           |       |
|   using O6 output only                     | 3630 |       |           |       |
|   using O5 and O6                          | 1155 |       |           |       |
| LUT as Memory                              |  220 |     0 |    144000 |  0.15 |
|   LUT as Distributed RAM                   |  168 |     0 |           |       |
|     using O5 output only                   |    0 |       |           |       |
|     using O6 output only                   |    0 |       |           |       |
|     using O5 and O6                        |  168 |       |           |       |
|   LUT as Shift Register                    |   52 |     0 |           |       |
|     using O5 output only                   |    0 |       |           |       |
|     using O6 output only                   |   52 |       |           |       |
|     using O5 and O6                        |    0 |       |           |       |
| CLB Registers                              | 5038 |     0 |    548160 |  0.92 |
|   Register driven from within the CLB      | 2290 |       |           |       |
|   Register driven from outside the CLB     | 2748 |       |           |       |
|     LUT in front of the register is unused | 1567 |       |           |       |
|     LUT in front of the register is used   | 1181 |       |           |       |
| Unique Control Sets                        |  318 |       |     68520 |  0.46 |
+--------------------------------------------+------+-------+-----------+-------+
* Note: Available Control Sets calculated as CLB Registers / 8, Review the Control Sets Report for more information regarding control sets.


3. BLOCKRAM
-----------

+-------------------+------+-------+-----------+-------+
|     Site Type     | Used | Fixed | Available | Util% |
+-------------------+------+-------+-----------+-------+
| Block RAM Tile    |    1 |     0 |       912 |  0.11 |
|   RAMB36/FIFO*    |    1 |     0 |       912 |  0.11 |
|     RAMB36E2 only |    1 |       |           |       |
|   RAMB18          |    0 |     0 |      1824 |  0.00 |
+-------------------+------+-------+-----------+-------+
* Note: Each Block RAM Tile only has one FIFO logic available and therefore can accommodate only one FIFO36E2 or one FIFO18E2. However, if a FIFO18E2 occupies a Block RAM Tile, that tile can still accommodate a RAMB18E2


4. ARITHMETIC
-------------

+-----------+------+-------+-----------+-------+
| Site Type | Used | Fixed | Available | Util% |
+-----------+------+-------+-----------+-------+
| DSPs      |    0 |     0 |      2520 |  0.00 |
+-----------+------+-------+-----------+-------+


5. I/O
------

+------------------+------+-------+-----------+-------+
|     Site Type    | Used | Fixed | Available | Util% |
+------------------+------+-------+-----------+-------+
| Bonded IOB       |    8 |     8 |       328 |  2.44 |
| HPIOB_M          |    0 |     0 |        96 |  0.00 |
| HPIOB_S          |    0 |     0 |        96 |  0.00 |
| HDIOB_M          |    4 |     4 |        60 |  6.67 |
|   INPUT          |    0 |       |           |       |
|   OUTPUT         |    4 |       |           |       |
|   BIDIR          |    0 |       |           |       |
| HDIOB_S          |    4 |     4 |        60 |  6.67 |
|   INPUT          |    0 |       |           |       |
|   OUTPUT         |    4 |       |           |       |
|   BIDIR          |    0 |       |           |       |
| HPIOB_SNGL       |    0 |     0 |        16 |  0.00 |
| HPIOBDIFFINBUF   |    0 |     0 |        96 |  0.00 |
| HPIOBDIFFOUTBUF  |    0 |     0 |        96 |  0.00 |
| HDIOBDIFFINBUF   |    0 |     0 |        60 |  0.00 |
| BITSLICE_CONTROL |    0 |     0 |        32 |  0.00 |
| BITSLICE_RX_TX   |    0 |     0 |       208 |  0.00 |
| BITSLICE_TX      |    0 |     0 |        32 |  0.00 |
| RIU_OR           |    0 |     0 |        16 |  0.00 |
+------------------+------+-------+-----------+-------+


6. CLOCK
--------

+----------------------+------+-------+-----------+-------+
|       Site Type      | Used | Fixed | Available | Util% |
+----------------------+------+-------+-----------+-------+
| GLOBAL CLOCK BUFFERs |    1 |     0 |       404 |  0.25 |
|   BUFGCE             |    0 |     0 |       116 |  0.00 |
|   BUFGCE_DIV         |    0 |     0 |        16 |  0.00 |
|   BUFG_GT            |    0 |     0 |       168 |  0.00 |
|   BUFG_PS            |    1 |     0 |        72 |  1.39 |
|   BUFGCTRL*          |    0 |     0 |        32 |  0.00 |
| PLL                  |    0 |     0 |         8 |  0.00 |
| MMCM                 |    0 |     0 |         4 |  0.00 |
+----------------------+------+-------+-----------+-------+
* Note: Each used BUFGCTRL counts as two global buffer resources. This table does not include global clocking resources, only buffer cell usage. See the Clock Utilization Report (report_clock_utilization) for detailed accounting of global clocking resource availability.


7. ADVANCED
-----------

+-----------------+------+-------+-----------+--------+
|    Site Type    | Used | Fixed | Available |  Util% |
+-----------------+------+-------+-----------+--------+
| GTHE4_CHANNEL   |    0 |     0 |        24 |   0.00 |
| GTHE4_COMMON    |    0 |     0 |         6 |   0.00 |
| OBUFDS_GTE4     |    0 |     0 |        12 |   0.00 |
| OBUFDS_GTE4_ADV |    0 |     0 |        12 |   0.00 |
| PS8             |    1 |     0 |         1 | 100.00 |
| SYSMONE4        |    0 |     0 |         1 |   0.00 |
+-----------------+------+-------+-----------+--------+


8. CONFIGURATION
----------------

+-------------+------+-------+-----------+-------+
|  Site Type  | Used | Fixed | Available | Util% |
+-------------+------+-------+-----------+-------+
| BSCANE2     |    0 |     0 |         4 |  0.00 |
| DNA_PORTE2  |    0 |     0 |         1 |  0.00 |
| EFUSE_USR   |    0 |     0 |         1 |  0.00 |
| FRAME_ECCE4 |    0 |     0 |         1 |  0.00 |
| ICAPE3      |    0 |     0 |         2 |  0.00 |
| MASTER_JTAG |    0 |     0 |         1 |  0.00 |
| STARTUPE3   |    0 |     0 |         1 |  0.00 |
+-------------+------+-------+-----------+-------+


9. Primitives
-------------

+----------+------+---------------------+
| Ref Name | Used | Functional Category |
+----------+------+---------------------+
| FDRE     | 4666 |            Register |
| LUT6     | 1904 |                 CLB |
| LUT3     | 1494 |                 CLB |
| LUT5     | 1190 |                 CLB |
| LUT4     |  979 |                 CLB |
| LUT2     |  390 |                 CLB |
| RAMD32   |  294 |                 CLB |
| FDCE     |  207 |            Register |
| LUT1     |  131 |                 CLB |
| FDPE     |   99 |            Register |
| FDSE     |   66 |            Register |
| RAMS32   |   42 |                 CLB |
| SRLC32E  |   33 |                 CLB |
| SRL16E   |   19 |                 CLB |
| CARRY8   |   10 |                 CLB |
| OBUF     |    8 |                 I/O |
| MUXF7    |    6 |                 CLB |
| RAMB36E2 |    1 |           Block Ram |
| PS8      |    1 |            Advanced |
| BUFG_PS  |    1 |               Clock |
+----------+------+---------------------+


10. Black Boxes
---------------

+----------+------+
| Ref Name | Used |
+----------+------+


11. Instantiated Netlists
-------------------------

+----------+------+
| Ref Name | Used |
+----------+------+


