18:44:05 INFO  : Registering command handlers for SDK TCF services
18:44:06 INFO  : Launching XSCT server: xsct -n -interactive /work/mpsoc/zcu102/bram_pl/project_bram/project_bram.sdk/temp_xsdb_launch_script.tcl
18:44:09 INFO  : XSCT server has started successfully.
18:44:09 INFO  : Successfully done setting XSCT server connection channel  
18:44:10 INFO  : Successfully done setting SDK workspace  
18:44:13 INFO  : ***** MYVIVADO is set to '/home/alvin/vivado/2018.3/vivado' *****
18:44:13 INFO  : Processing command line option -hwspec /work/mpsoc/zcu102/bram_pl/project_bram/project_bram.sdk/Base_Zynq_MPSoC_wrapper.hdf.
18:45:10 INFO  : Connected to target on host '127.0.0.1' and port '3121'.
18:45:10 INFO  : 'targets -set -filter {jtag_cable_name =~ "Digilent JTAG-SMT2NC 210308A1C7D6" && level==0} -index 0' command is executed.
18:45:25 INFO  : FPGA configured successfully with bitstream "/work/mpsoc/zcu102/bram_pl/project_bram/project_bram.sdk/Base_Zynq_MPSoC_wrapper_hw_platform_0/Base_Zynq_MPSoC_wrapper.bit"
18:47:53 INFO  : Connected to target on host '127.0.0.1' and port '3121'.
18:47:54 INFO  : Jtag cable 'Digilent JTAG-SMT2NC 210308A1C7D6' is selected.
18:47:54 INFO  : 'jtag frequency' command is executed.
18:47:54 INFO  : Sourcing of '/home/alvin/vivado/2018.3/SDK/2018.3/scripts/sdk/util/zynqmp_utils.tcl' is done.
18:47:54 INFO  : Context for 'APU' is selected.
18:47:54 INFO  : Hardware design information is loaded from '/work/mpsoc/zcu102/bram_pl/project_bram/project_bram.sdk/Base_Zynq_MPSoC_wrapper_hw_platform_0/system.hdf'.
18:47:54 INFO  : 'configparams force-mem-access 1' command is executed.
18:47:54 INFO  : Context for 'APU' is selected.
18:47:54 INFO  : Sourcing of '/work/mpsoc/zcu102/bram_pl/project_bram/project_bram.sdk/Base_Zynq_MPSoC_wrapper_hw_platform_0/psu_init.tcl' is done.
18:47:55 INFO  : 'psu_init' command is executed.
18:47:56 INFO  : 'after 1000' command is executed.
18:47:56 INFO  : 'psu_ps_pl_isolation_removal' command is executed.
18:47:57 INFO  : 'after 1000' command is executed.
18:47:57 INFO  : 'psu_ps_pl_reset_config' command is executed.
18:47:57 INFO  : 'catch {psu_protection}' command is executed.
18:47:57 INFO  : Context for processor 'psu_cortexa53_0' is selected.
18:47:57 INFO  : Processor reset is completed for 'psu_cortexa53_0'.
18:47:57 INFO  : The application '/work/mpsoc/zcu102/bram_pl/project_bram/project_bram.sdk/bram/Debug/bram.elf' is downloaded to processor 'psu_cortexa53_0'.
18:47:57 INFO  : 'configparams force-mem-access 0' command is executed.
18:47:57 INFO  : ----------------XSDB Script----------------
connect -url tcp:127.0.0.1:3121
source /home/alvin/vivado/2018.3/SDK/2018.3/scripts/sdk/util/zynqmp_utils.tcl
targets -set -nocase -filter {name =~"APU*" && jtag_cable_name =~ "Digilent JTAG-SMT2NC 210308A1C7D6"} -index 1
loadhw -hw /work/mpsoc/zcu102/bram_pl/project_bram/project_bram.sdk/Base_Zynq_MPSoC_wrapper_hw_platform_0/system.hdf -mem-ranges [list {0x80000000 0xbfffffff} {0x400000000 0x5ffffffff} {0x1000000000 0x7fffffffff}]
configparams force-mem-access 1
targets -set -nocase -filter {name =~"APU*" && jtag_cable_name =~ "Digilent JTAG-SMT2NC 210308A1C7D6"} -index 1
source /work/mpsoc/zcu102/bram_pl/project_bram/project_bram.sdk/Base_Zynq_MPSoC_wrapper_hw_platform_0/psu_init.tcl
psu_init
after 1000
psu_ps_pl_isolation_removal
after 1000
psu_ps_pl_reset_config
catch {psu_protection}
targets -set -nocase -filter {name =~"*A53*0" && jtag_cable_name =~ "Digilent JTAG-SMT2NC 210308A1C7D6"} -index 1
rst -processor
dow /work/mpsoc/zcu102/bram_pl/project_bram/project_bram.sdk/bram/Debug/bram.elf
configparams force-mem-access 0
----------------End of Script----------------

18:47:57 INFO  : Context for processor 'psu_cortexa53_0' is selected.
18:47:58 INFO  : 'con' command is executed.
18:47:58 INFO  : ----------------XSDB Script (After Launch)----------------
targets -set -nocase -filter {name =~"*A53*0" && jtag_cable_name =~ "Digilent JTAG-SMT2NC 210308A1C7D6"} -index 1
con
----------------End of Script----------------

18:47:58 INFO  : Launch script is exported to file '/work/mpsoc/zcu102/bram_pl/project_bram/project_bram.sdk/.sdk/launch_scripts/xilinx_c-c++_application_(system_debugger)/system_debugger_using_debug_bram.elf_on_local.tcl'
18:48:35 INFO  : Disconnected from the channel tcfchan#1.
18:48:36 INFO  : Connected to target on host '127.0.0.1' and port '3121'.
18:48:41 INFO  : Jtag cable 'Digilent JTAG-SMT2NC 210308A1C7D6' is selected.
18:48:41 INFO  : 'jtag frequency' command is executed.
18:48:41 INFO  : Sourcing of '/home/alvin/vivado/2018.3/SDK/2018.3/scripts/sdk/util/zynqmp_utils.tcl' is done.
18:48:41 INFO  : Context for 'APU' is selected.
18:48:42 INFO  : Hardware design information is loaded from '/work/mpsoc/zcu102/bram_pl/project_bram/project_bram.sdk/Base_Zynq_MPSoC_wrapper_hw_platform_0/system.hdf'.
18:48:42 INFO  : 'configparams force-mem-access 1' command is executed.
18:48:42 INFO  : Context for 'APU' is selected.
18:48:42 INFO  : Sourcing of '/work/mpsoc/zcu102/bram_pl/project_bram/project_bram.sdk/Base_Zynq_MPSoC_wrapper_hw_platform_0/psu_init.tcl' is done.
18:48:43 INFO  : 'psu_init' command is executed.
18:48:44 INFO  : 'after 1000' command is executed.
18:48:44 INFO  : 'psu_ps_pl_isolation_removal' command is executed.
18:48:45 INFO  : 'after 1000' command is executed.
18:48:45 INFO  : 'psu_ps_pl_reset_config' command is executed.
18:48:45 INFO  : 'catch {psu_protection}' command is executed.
18:48:45 INFO  : Context for processor 'psu_cortexa53_0' is selected.
18:48:45 INFO  : Processor reset is completed for 'psu_cortexa53_0'.
18:48:45 INFO  : The application '/work/mpsoc/zcu102/bram_pl/project_bram/project_bram.sdk/bram/Debug/bram.elf' is downloaded to processor 'psu_cortexa53_0'.
18:48:45 INFO  : 'configparams force-mem-access 0' command is executed.
18:48:45 INFO  : ----------------XSDB Script----------------
connect -url tcp:127.0.0.1:3121
source /home/alvin/vivado/2018.3/SDK/2018.3/scripts/sdk/util/zynqmp_utils.tcl
targets -set -nocase -filter {name =~"APU*" && jtag_cable_name =~ "Digilent JTAG-SMT2NC 210308A1C7D6"} -index 1
loadhw -hw /work/mpsoc/zcu102/bram_pl/project_bram/project_bram.sdk/Base_Zynq_MPSoC_wrapper_hw_platform_0/system.hdf -mem-ranges [list {0x80000000 0xbfffffff} {0x400000000 0x5ffffffff} {0x1000000000 0x7fffffffff}]
configparams force-mem-access 1
targets -set -nocase -filter {name =~"APU*" && jtag_cable_name =~ "Digilent JTAG-SMT2NC 210308A1C7D6"} -index 1
source /work/mpsoc/zcu102/bram_pl/project_bram/project_bram.sdk/Base_Zynq_MPSoC_wrapper_hw_platform_0/psu_init.tcl
psu_init
after 1000
psu_ps_pl_isolation_removal
after 1000
psu_ps_pl_reset_config
catch {psu_protection}
targets -set -nocase -filter {name =~"*A53*0" && jtag_cable_name =~ "Digilent JTAG-SMT2NC 210308A1C7D6"} -index 1
rst -processor
dow /work/mpsoc/zcu102/bram_pl/project_bram/project_bram.sdk/bram/Debug/bram.elf
configparams force-mem-access 0
----------------End of Script----------------

18:48:45 INFO  : Context for processor 'psu_cortexa53_0' is selected.
18:48:45 INFO  : 'con' command is executed.
18:48:45 INFO  : ----------------XSDB Script (After Launch)----------------
targets -set -nocase -filter {name =~"*A53*0" && jtag_cable_name =~ "Digilent JTAG-SMT2NC 210308A1C7D6"} -index 1
con
----------------End of Script----------------

18:48:45 INFO  : Launch script is exported to file '/work/mpsoc/zcu102/bram_pl/project_bram/project_bram.sdk/.sdk/launch_scripts/xilinx_c-c++_application_(system_debugger)/system_debugger_using_debug_bram.elf_on_local.tcl'
21:55:09 INFO  : Connected to target on host '127.0.0.1' and port '3121'.
21:55:09 INFO  : 'targets -set -filter {jtag_cable_name =~ "Digilent JTAG-SMT2NC 210308A1C7D6" && level==0} -index 0' command is executed.
21:55:24 INFO  : FPGA configured successfully with bitstream "/work/mpsoc/zcu102/bram_pl/project_bram/project_bram.sdk/Base_Zynq_MPSoC_wrapper_hw_platform_0/Base_Zynq_MPSoC_wrapper.bit"
21:55:44 INFO  : Connected to target on host '127.0.0.1' and port '3121'.
21:55:44 INFO  : Jtag cable 'Digilent JTAG-SMT2NC 210308A1C7D6' is selected.
21:55:44 INFO  : 'jtag frequency' command is executed.
21:55:44 INFO  : Sourcing of '/home/alvin/vivado/2018.3/SDK/2018.3/scripts/sdk/util/zynqmp_utils.tcl' is done.
21:55:44 INFO  : Context for 'APU' is selected.
21:55:44 INFO  : Hardware design information is loaded from '/work/mpsoc/zcu102/bram_pl/project_bram/project_bram.sdk/Base_Zynq_MPSoC_wrapper_hw_platform_0/system.hdf'.
21:55:44 INFO  : 'configparams force-mem-access 1' command is executed.
21:55:44 INFO  : Context for 'APU' is selected.
21:55:44 INFO  : Sourcing of '/work/mpsoc/zcu102/bram_pl/project_bram/project_bram.sdk/Base_Zynq_MPSoC_wrapper_hw_platform_0/psu_init.tcl' is done.
21:55:45 INFO  : 'psu_init' command is executed.
21:55:46 INFO  : 'after 1000' command is executed.
21:55:46 INFO  : 'psu_ps_pl_isolation_removal' command is executed.
21:55:47 INFO  : 'after 1000' command is executed.
21:55:47 INFO  : 'psu_ps_pl_reset_config' command is executed.
21:55:47 INFO  : 'catch {psu_protection}' command is executed.
21:55:47 INFO  : Context for processor 'psu_cortexa53_0' is selected.
21:55:47 INFO  : Processor reset is completed for 'psu_cortexa53_0'.
21:55:47 INFO  : The application '/work/mpsoc/zcu102/bram_pl/project_bram/project_bram.sdk/bram/Debug/bram.elf' is downloaded to processor 'psu_cortexa53_0'.
21:55:47 INFO  : 'configparams force-mem-access 0' command is executed.
21:55:47 INFO  : ----------------XSDB Script----------------
connect -url tcp:127.0.0.1:3121
source /home/alvin/vivado/2018.3/SDK/2018.3/scripts/sdk/util/zynqmp_utils.tcl
targets -set -nocase -filter {name =~"APU*" && jtag_cable_name =~ "Digilent JTAG-SMT2NC 210308A1C7D6"} -index 1
loadhw -hw /work/mpsoc/zcu102/bram_pl/project_bram/project_bram.sdk/Base_Zynq_MPSoC_wrapper_hw_platform_0/system.hdf -mem-ranges [list {0x80000000 0xbfffffff} {0x400000000 0x5ffffffff} {0x1000000000 0x7fffffffff}]
configparams force-mem-access 1
targets -set -nocase -filter {name =~"APU*" && jtag_cable_name =~ "Digilent JTAG-SMT2NC 210308A1C7D6"} -index 1
source /work/mpsoc/zcu102/bram_pl/project_bram/project_bram.sdk/Base_Zynq_MPSoC_wrapper_hw_platform_0/psu_init.tcl
psu_init
after 1000
psu_ps_pl_isolation_removal
after 1000
psu_ps_pl_reset_config
catch {psu_protection}
targets -set -nocase -filter {name =~"*A53*0" && jtag_cable_name =~ "Digilent JTAG-SMT2NC 210308A1C7D6"} -index 1
rst -processor
dow /work/mpsoc/zcu102/bram_pl/project_bram/project_bram.sdk/bram/Debug/bram.elf
configparams force-mem-access 0
----------------End of Script----------------

21:55:48 INFO  : Context for processor 'psu_cortexa53_0' is selected.
21:55:48 INFO  : 'con' command is executed.
21:55:48 INFO  : ----------------XSDB Script (After Launch)----------------
targets -set -nocase -filter {name =~"*A53*0" && jtag_cable_name =~ "Digilent JTAG-SMT2NC 210308A1C7D6"} -index 1
con
----------------End of Script----------------

21:55:48 INFO  : Launch script is exported to file '/work/mpsoc/zcu102/bram_pl/project_bram/project_bram.sdk/.sdk/launch_scripts/xilinx_c-c++_application_(system_debugger)/system_debugger_using_debug_bram.elf_on_local.tcl'
22:20:55 INFO  : Disconnected from the channel tcfchan#2.
